info it worked if it ends with ok
verbose cli [ 'node', '/usr/local/bin/npm', 'install', '-g', 'nodemon' ]
info using npm@1.1.4
info using node@v0.6.12
verbose config file /Users/pxg/.npmrc
verbose config file /usr/local/etc/npmrc
verbose config file /usr/local/lib/node_modules/npm/npmrc
silly exec /usr/local/bin/node "/usr/local/lib/node_modules/npm/bin/npm-get-uid-gid.js" "nobody" 20
silly spawning [ '/usr/local/bin/node',
silly spawning   [ '/usr/local/lib/node_modules/npm/bin/npm-get-uid-gid.js',
silly spawning     'nobody',
silly spawning     20 ],
silly spawning   null ]
silly output from getuid/gid {"uid":-2,"gid":20}
silly output from getuid/gid 
verbose cache add [ 'nodemon', null ]
silly cache add: name, spec, args [ undefined, 'nodemon', [ 'nodemon', null ] ]
verbose parsed url { pathname: 'nodemon', path: 'nodemon', href: 'nodemon' }
verbose addNamed [ 'nodemon', '' ]
verbose addNamed [ null, '' ]
silly name, range, hasData [ 'nodemon', '', false ]
verbose raw, before any munging nodemon
verbose url resolving [ 'https://registry.npmjs.org/', './nodemon' ]
verbose url resolved https://registry.npmjs.org/nodemon
http GET https://registry.npmjs.org/nodemon
ERR! Error: failed to fetch from registry: nodemon
ERR!     at /usr/local/lib/node_modules/npm/lib/utils/npm-registry-client/get.js:139:12
ERR!     at cb (/usr/local/lib/node_modules/npm/lib/utils/npm-registry-client/request.js:31:9)
ERR!     at Request._callback (/usr/local/lib/node_modules/npm/lib/utils/npm-registry-client/request.js:136:18)
ERR!     at Request.callback (/usr/local/lib/node_modules/npm/node_modules/request/main.js:119:22)
ERR!     at Request.<anonymous> (/usr/local/lib/node_modules/npm/node_modules/request/main.js:212:58)
ERR!     at Request.emit (events.js:88:20)
ERR!     at ClientRequest.<anonymous> (/usr/local/lib/node_modules/npm/node_modules/request/main.js:209:10)
ERR!     at ClientRequest.emit (events.js:67:17)
ERR!     at CleartextStream.<anonymous> (http.js:1137:11)
ERR!     at CleartextStream.emit (events.js:67:17)
ERR! You may report this log at:
ERR!     <http://github.com/isaacs/npm/issues>
ERR! or email it to:
ERR!     <npm-@googlegroups.com>
ERR! 
ERR! System Darwin 11.3.0
ERR! command "node" "/usr/local/bin/npm" "install" "-g" "nodemon"
ERR! cwd /Users/pxg/Sites/node_training/nodemon
ERR! node -v v0.6.12
ERR! npm -v 1.1.4
ERR! message failed to fetch from registry: nodemon
verbose exit [ 1, true ]
